<?xml version="1.0" encoding="UTF-8"?>
<!-- Generated by org.testng.reporters.JUnitReportReporter -->
<testsuite hostname="SSLTP11229" failures="0" tests="1" name="testPackages.TestCaseClass" time="103.740" errors="0" timestamp="2023-05-11T12:02:54 IST" skipped="0">
  <testcase classname="testPackages.TestCaseClass" name="returnResults" time="103.740"/>
  <system-out/>
</testsuite> <!-- testPackages.TestCaseClass -->
