<?xml version="1.0" encoding="UTF-8"?>
<!-- Generated by org.testng.reporters.JUnitReportReporter -->
<testsuite hostname="SSLTP11229" failures="0" tests="1" name="practice.NewTest" time="0.010" errors="0" timestamp="2022-11-16T10:27:52 IST" skipped="0">
  <testcase classname="practice.NewTest" name="f" time="0.010"/>
  <system-out/>
</testsuite> <!-- practice.NewTest -->
