<?xml version="1.0" encoding="UTF-8"?>
<!-- Generated by org.testng.reporters.JUnitReportReporter -->
<testsuite hostname="SSLTP11229" failures="0" tests="3" name="practice.DataProvider" time="0.027" errors="0" timestamp="2022-11-11T15:55:07 IST" skipped="0">
  <testcase classname="practice.DataProvider" name="dataProvider" time="0.022"/>
  <system-out/>
  <testcase classname="practice.DataProvider" name="dataProvider" time="0.003"/>
  <system-out/>
  <testcase classname="practice.DataProvider" name="dataProvider" time="0.002"/>
  <system-out/>
</testsuite> <!-- practice.DataProvider -->
